[2024-07-06T08:44:39.958287+00:00] app.INFO: Fetching all articles [] []
[2024-07-06T08:46:17.313282+00:00] app.INFO: Fetching all articles [] []
[2024-07-06T08:51:26.384460+00:00] app.INFO: Fetching all articles [] []
[2024-07-06T08:51:38.550768+00:00] app.INFO: Fetching all articles [] []
[2024-07-06T08:52:11.293625+00:00] app.INFO: Fetching article with id 1 [] []
[2024-07-06T09:37:56.864736+00:00] app.INFO: Fetching all articles [] []
[2024-07-06T09:40:23.508689+00:00] app.INFO: Fetching all articles [] []
[2024-07-06T09:44:47.555073+00:00] app.INFO: Fetching all articles [] []
[2024-07-06T10:02:02.288042+00:00] app.INFO: Fetching all articles [] []
[2024-07-06T10:02:25.602605+00:00] app.INFO: Fetching all articles [] []
[2024-07-06T10:02:35.103983+00:00] app.INFO: Fetching article with id 1 [] []
[2024-07-06T10:02:42.534983+00:00] app.INFO: Fetching article with id 2 [] []
[2024-07-06T10:03:59.862344+00:00] app.INFO: Fetching article with id 1 [] []
[2024-07-06T11:49:02.891381+00:00] app.INFO: Fetching all articles [] []
[2024-07-06T13:28:22.395735+00:00] app.INFO: Fetching all articles [] []
[2024-07-06T20:29:42.168538+00:00] app.INFO: Fetched all articles. [] []
[2024-07-06T20:29:56.627164+00:00] app.INFO: Fetched all articles. [] []
[2024-07-06T20:30:05.888099+00:00] app.INFO: Fetched article with ID: 1 [] []
[2024-07-06T20:30:15.002790+00:00] app.INFO: Fetched all articles. [] []
[2024-07-06T20:30:31.219200+00:00] app.INFO: Fetched article with ID: 3 [] []
[2024-07-06T20:31:33.549657+00:00] app.INFO: Fetched all articles. [] []
[2024-07-06T20:32:31.823074+00:00] app.INFO: Fetched article with ID: 2 [] []
[2024-07-06T20:32:53.100716+00:00] app.INFO: Fetched all articles. [] []
[2024-07-06T20:34:11.314013+00:00] app.INFO: Created a new article with title: Medival PHP [] []
[2024-07-06T20:34:13.876505+00:00] app.INFO: Fetched all articles. [] []
[2024-07-06T20:34:36.920274+00:00] app.INFO: Fetched all articles. [] []
[2024-07-06T20:34:45.900422+00:00] app.INFO: Fetched article with ID: 3 [] []
[2024-07-06T20:34:59.485784+00:00] app.INFO: Fetched all articles. [] []
[2024-07-06T20:35:06.819106+00:00] app.INFO: Fetched article with ID: 4 [] []
[2024-07-06T20:38:58.544599+00:00] app.INFO: Fetched article with ID: 4 [] []
[2024-07-06T20:38:58.665081+00:00] app.INFO: Updated article with ID: 4 [] []
[2024-07-06T20:39:01.034757+00:00] app.INFO: Fetched all articles. [] []
[2024-07-06T20:46:51.539022+00:00] app.INFO: Fetched article with ID: 1 [] []
[2024-07-06T20:46:59.448998+00:00] app.INFO: Fetched article with ID: 1 [] []
[2024-07-06T20:47:20.437839+00:00] app.INFO: Fetched article with ID: 1 [] []
[2024-07-06T20:47:20.526196+00:00] app.INFO: Updated article with ID: 1 [] []
[2024-07-06T20:47:22.548065+00:00] app.INFO: Fetched all articles. [] []
[2024-07-06T20:50:52.819504+00:00] app.INFO: Fetched article with ID: 2 [] []
[2024-07-06T20:51:14.298536+00:00] app.INFO: Fetched article with ID: 2 [] []
[2024-07-06T20:51:14.395307+00:00] app.INFO: Updated article with ID: 2 [] []
[2024-07-06T20:51:17.068737+00:00] app.INFO: Fetched all articles. [] []
[2024-07-06T20:53:14.664399+00:00] app.INFO: Fetched article with ID: 2 [] []
[2024-07-06T20:53:25.252695+00:00] app.INFO: Fetched all articles. [] []
[2024-07-06T20:53:33.137670+00:00] app.INFO: Fetched article with ID: 3 [] []
[2024-07-06T20:53:55.631588+00:00] app.INFO: Fetched article with ID: 3 [] []
[2024-07-06T20:53:55.719984+00:00] app.INFO: Updated article with ID: 3 [] []
[2024-07-06T20:53:58.380086+00:00] app.INFO: Fetched all articles. [] []
[2024-07-06T20:54:25.011730+00:00] app.INFO: Fetched article with ID: 3 [] []
[2024-07-06T20:54:41.696555+00:00] app.INFO: Fetched article with ID: 3 [] []
[2024-07-06T20:54:41.791127+00:00] app.INFO: Updated article with ID: 3 [] []
[2024-07-06T20:54:43.162133+00:00] app.INFO: Fetched all articles. [] []
[2024-07-06T20:59:36.631178+00:00] app.INFO: Created a new article with title: Title: The Medieval Terminator [] []
[2024-07-06T20:59:39.343925+00:00] app.INFO: Fetched all articles. [] []
[2024-07-06T21:02:11.339533+00:00] app.INFO: Created a new article with title: Why did Da Vinci the programmer never finish his projects? He kept trying to optimize his code to the "Golden Ratio." [] []
[2024-07-06T21:02:13.913652+00:00] app.INFO: Fetched all articles. [] []
[2024-07-06T21:18:56.286512+00:00] app.INFO: Fetched all articles. [] []
[2024-07-06T21:29:02.082000+00:00] app.INFO: Fetched all articles. [] []
